# JRE version: OpenJDK Runtime Environment (15.0.1+9) (build 15.0.1+9-18)
# Java VM: OpenJDK 64-Bit Server VM (15.0.1+9-18, mixed mode, tiered, compressed oops, g1 gc, windows-amd64)
GC Precious Log:
 CPUs: 4 total, 4 available
 Memory: 8057M
 Large Page Support: Disabled
 NUMA Support: Disabled
 Compressed Oops: Enabled (32-bit)
 Heap Region Size: 1M
 Heap Min Capacity: 8M
 Heap Initial Capacity: 126M
 Heap Max Capacity: 2016M
 Pre-touch: Disabled
 Parallel Workers: 4
 Concurrent Workers: 1
 Concurrent Refinement Workers: 4
 Periodic GC: Disabled
Heap:
 garbage-first heap   total 65536K, used 30044K [0x0000000082000000, 0x0000000100000000)
  region size 1024K, 15 young (15360K), 4 survivors (4096K)
 Metaspace       used 49252K, capacity 49697K, committed 49840K, reserved 1093632K
  class space    used 5955K, capacity 6079K, committed 6144K, reserved 1048576K
GC Heap History (20 events):
Event: 7.833 GC heap before
{Heap before GC invocations=7 (full 0):
 garbage-first heap   total 43008K, used 29017K [0x0000000082000000, 0x0000000100000000)
  region size 1024K, 21 young (21504K), 3 survivors (3072K)
 Metaspace       used 28270K, capacity 28653K, committed 28976K, reserved 1075200K
  class space    used 3196K, capacity 3332K, committed 3456K, reserved 1048576K
}
Event: 7.836 GC heap after
{Heap after GC invocations=8 (full 0):
 garbage-first heap   total 43008K, used 12243K [0x0000000082000000, 0x0000000100000000)
  region size 1024K, 2 young (2048K), 2 survivors (2048K)
 Metaspace       used 28270K, capacity 28653K, committed 28976K, reserved 1075200K
  class space    used 3196K, capacity 3332K, committed 3456K, reserved 1048576K
}
Event: 7.839 GC heap before
{Heap before GC invocations=8 (full 0):
 garbage-first heap   total 43008K, used 29651K [0x0000000082000000, 0x0000000100000000)
  region size 1024K, 20 young (20480K), 2 survivors (2048K)
 Metaspace       used 28271K, capacity 28653K, committed 28976K, reserved 1075200K
  class space    used 3196K, capacity 3332K, committed 3456K, reserved 1048576K
}
Event: 7.840 GC heap after
{Heap after GC invocations=9 (full 0):
 garbage-first heap   total 43008K, used 12158K [0x0000000082000000, 0x0000000100000000)
  region size 1024K, 2 young (2048K), 2 survivors (2048K)
 Metaspace       used 28271K, capacity 28653K, committed 28976K, reserved 1075200K
  class space    used 3196K, capacity 3332K, committed 3456K, reserved 1048576K
}
Event: 8.214 GC heap before
{Heap before GC invocations=9 (full 0):
 garbage-first heap   total 43008K, used 30590K [0x0000000082000000, 0x0000000100000000)
  region size 1024K, 21 young (21504K), 2 survivors (2048K)
 Metaspace       used 29513K, capacity 29874K, committed 30128K, reserved 1075200K
  class space    used 3339K, capacity 3463K, committed 3584K, reserved 1048576K
}
Event: 8.218 GC heap after
{Heap after GC invocations=10 (full 0):
 garbage-first heap   total 43008K, used 13107K [0x0000000082000000, 0x0000000100000000)
  region size 1024K, 3 young (3072K), 3 survivors (3072K)
 Metaspace       used 29513K, capacity 29874K, committed 30128K, reserved 1075200K
  class space    used 3339K, capacity 3463K, committed 3584K, reserved 1048576K
}
Event: 8.945 GC heap before
{Heap before GC invocations=10 (full 0):
 garbage-first heap   total 43008K, used 31539K [0x0000000082000000, 0x0000000100000000)
  region size 1024K, 21 young (21504K), 3 survivors (3072K)
 Metaspace       used 30850K, capacity 31248K, committed 31536K, reserved 1077248K
  class space    used 3494K, capacity 3636K, committed 3712K, reserved 1048576K
}
Event: 8.948 GC heap after
{Heap after GC invocations=11 (full 0):
 garbage-first heap   total 43008K, used 13898K [0x0000000082000000, 0x0000000100000000)
  region size 1024K, 2 young (2048K), 2 survivors (2048K)
 Metaspace       used 30850K, capacity 31248K, committed 31536K, reserved 1077248K
  class space    used 3494K, capacity 3636K, committed 3712K, reserved 1048576K
}
Event: 10.607 GC heap before
{Heap before GC invocations=11 (full 0):
 garbage-first heap   total 43008K, used 31306K [0x0000000082000000, 0x0000000100000000)
  region size 1024K, 20 young (20480K), 2 survivors (2048K)
 Metaspace       used 33139K, capacity 33567K, committed 33840K, reserved 1079296K
  class space    used 3810K, capacity 3936K, committed 3968K, reserved 1048576K
}
Event: 10.610 GC heap after
{Heap after GC invocations=12 (full 0):
 garbage-first heap   total 43008K, used 15164K [0x0000000082000000, 0x0000000100000000)
  region size 1024K, 3 young (3072K), 3 survivors (3072K)
 Metaspace       used 33139K, capacity 33567K, committed 33840K, reserved 1079296K
  class space    used 3810K, capacity 3936K, committed 3968K, reserved 1048576K
}
Event: 11.842 GC heap before
{Heap before GC invocations=12 (full 0):
 garbage-first heap   total 43008K, used 26428K [0x0000000082000000, 0x0000000100000000)
  region size 1024K, 16 young (16384K), 3 survivors (3072K)
 Metaspace       used 35361K, capacity 35751K, committed 35888K, reserved 1081344K
  class space    used 4094K, capacity 4206K, committed 4224K, reserved 1048576K
}
Event: 11.847 GC heap after
{Heap after GC invocations=13 (full 0):
 garbage-first heap   total 65536K, used 16390K [0x0000000082000000, 0x0000000100000000)
  region size 1024K, 3 young (3072K), 3 survivors (3072K)
 Metaspace       used 35361K, capacity 35751K, committed 35888K, reserved 1081344K
  class space    used 4094K, capacity 4206K, committed 4224K, reserved 1048576K
}
Event: 13.391 GC heap before
{Heap before GC invocations=14 (full 0):
 garbage-first heap   total 65536K, used 49158K [0x0000000082000000, 0x0000000100000000)
  region size 1024K, 36 young (36864K), 3 survivors (3072K)
 Metaspace       used 38740K, capacity 39145K, committed 39472K, reserved 1083392K
  class space    used 4519K, capacity 4633K, committed 4736K, reserved 1048576K
}
Event: 13.395 GC heap after
{Heap after GC invocations=15 (full 0):
 garbage-first heap   total 65536K, used 18143K [0x0000000082000000, 0x0000000100000000)
  region size 1024K, 5 young (5120K), 5 survivors (5120K)
 Metaspace       used 38740K, capacity 39145K, committed 39472K, reserved 1083392K
  class space    used 4519K, capacity 4633K, committed 4736K, reserved 1048576K
}
Event: 13.525 GC heap before
{Heap before GC invocations=15 (full 0):
 garbage-first heap   total 65536K, used 48863K [0x0000000082000000, 0x0000000100000000)
  region size 1024K, 36 young (36864K), 5 survivors (5120K)
 Metaspace       used 39312K, capacity 39721K, committed 39984K, reserved 1085440K
  class space    used 4572K, capacity 4697K, committed 4736K, reserved 1048576K
}
Event: 13.529 GC heap after
{Heap after GC invocations=16 (full 0):
 garbage-first heap   total 65536K, used 18445K [0x0000000082000000, 0x0000000100000000)
  region size 1024K, 3 young (3072K), 3 survivors (3072K)
 Metaspace       used 39312K, capacity 39721K, committed 39984K, reserved 1085440K
  class space    used 4572K, capacity 4697K, committed 4736K, reserved 1048576K
}
Event: 13.553 GC heap before
{Heap before GC invocations=16 (full 0):
 garbage-first heap   total 65536K, used 49165K [0x0000000082000000, 0x0000000100000000)
  region size 1024K, 34 young (34816K), 3 survivors (3072K)
 Metaspace       used 39314K, capacity 39721K, committed 39984K, reserved 1085440K
  class space    used 4572K, capacity 4697K, committed 4736K, reserved 1048576K
}
Event: 13.556 GC heap after
{Heap after GC invocations=17 (full 0):
 garbage-first heap   total 65536K, used 18263K [0x0000000082000000, 0x0000000100000000)
  region size 1024K, 2 young (2048K), 2 survivors (2048K)
 Metaspace       used 39314K, capacity 39721K, committed 39984K, reserved 1085440K
  class space    used 4572K, capacity 4697K, committed 4736K, reserved 1048576K
}
Event: 17.256 GC heap before
{Heap before GC invocations=17 (full 0):
 garbage-first heap   total 65536K, used 52055K [0x0000000082000000, 0x0000000100000000)
  region size 1024K, 35 young (35840K), 2 survivors (2048K)
 Metaspace       used 46148K, capacity 46616K, committed 46640K, reserved 1089536K
  class space    used 5597K, capacity 5757K, committed 5760K, reserved 1048576K
}
Event: 17.260 GC heap after
{Heap after GC invocations=18 (full 0):
 garbage-first heap   total 65536K, used 19804K [0x0000000082000000, 0x0000000100000000)
  region size 1024K, 4 young (4096K), 4 survivors (4096K)
 Metaspace       used 46148K, capacity 46616K, committed 46640K, reserved 1089536K
  class space    used 5597K, capacity 5757K, committed 5760K, reserved 1048576K
}

